2023-08-07 22:02:59,118 INFO    StreamThr :2887 [internal.py:wandb_internal():86] W&B internal server running at pid: 2887, started at: 2023-08-07 22:02:59.117814
2023-08-07 22:02:59,120 DEBUG   HandlerThread:2887 [handler.py:handle_request():144] handle_request: status
2023-08-07 22:02:59,122 INFO    WriterThread:2887 [datastore.py:open_for_write():85] open: /home/user/Thesis/wandb/run-20230807_220259-9htwtrsq/run-9htwtrsq.wandb
2023-08-07 22:02:59,123 DEBUG   SenderThread:2887 [sender.py:send():375] send: header
2023-08-07 22:02:59,145 DEBUG   SenderThread:2887 [sender.py:send():375] send: run
2023-08-07 22:03:02,635 INFO    SenderThread:2887 [retry.py:__call__():172] Retry attempt failed:
Traceback (most recent call last):
  File "/home/user/.local/lib/python3.8/site-packages/urllib3/connection.py", line 174, in _new_conn
    conn = connection.create_connection(
  File "/home/user/.local/lib/python3.8/site-packages/urllib3/util/connection.py", line 72, in create_connection
    for res in socket.getaddrinfo(host, port, family, socket.SOCK_STREAM):
  File "/usr/lib/python3.8/socket.py", line 918, in getaddrinfo
    for res in _socket.getaddrinfo(host, port, family, type, proto, flags):
socket.gaierror: [Errno -3] Temporary failure in name resolution

During handling of the above exception, another exception occurred:

Traceback (most recent call last):
  File "/home/user/.local/lib/python3.8/site-packages/urllib3/connectionpool.py", line 714, in urlopen
    httplib_response = self._make_request(
  File "/home/user/.local/lib/python3.8/site-packages/urllib3/connectionpool.py", line 403, in _make_request
    self._validate_conn(conn)
  File "/home/user/.local/lib/python3.8/site-packages/urllib3/connectionpool.py", line 1053, in _validate_conn
    conn.connect()
  File "/home/user/.local/lib/python3.8/site-packages/urllib3/connection.py", line 363, in connect
    self.sock = conn = self._new_conn()
  File "/home/user/.local/lib/python3.8/site-packages/urllib3/connection.py", line 186, in _new_conn
    raise NewConnectionError(
urllib3.exceptions.NewConnectionError: <urllib3.connection.HTTPSConnection object at 0x7f20bbadd160>: Failed to establish a new connection: [Errno -3] Temporary failure in name resolution

During handling of the above exception, another exception occurred:

Traceback (most recent call last):
  File "/home/user/.local/lib/python3.8/site-packages/requests/adapters.py", line 486, in send
    resp = conn.urlopen(
  File "/home/user/.local/lib/python3.8/site-packages/urllib3/connectionpool.py", line 798, in urlopen
    retries = retries.increment(
  File "/home/user/.local/lib/python3.8/site-packages/urllib3/util/retry.py", line 592, in increment
    raise MaxRetryError(_pool, url, error or ResponseError(cause))
urllib3.exceptions.MaxRetryError: HTTPSConnectionPool(host='api.wandb.ai', port=443): Max retries exceeded with url: /graphql (Caused by NewConnectionError('<urllib3.connection.HTTPSConnection object at 0x7f20bbadd160>: Failed to establish a new connection: [Errno -3] Temporary failure in name resolution'))

During handling of the above exception, another exception occurred:

Traceback (most recent call last):
  File "/home/user/.local/lib/python3.8/site-packages/wandb/sdk/lib/retry.py", line 131, in __call__
    result = self._call_fn(*args, **kwargs)
  File "/home/user/.local/lib/python3.8/site-packages/wandb/sdk/internal/internal_api.py", line 285, in execute
    return self.client.execute(*args, **kwargs)  # type: ignore
  File "/home/user/.local/lib/python3.8/site-packages/wandb/vendor/gql-0.2.0/wandb_gql/client.py", line 52, in execute
    result = self._get_result(document, *args, **kwargs)
  File "/home/user/.local/lib/python3.8/site-packages/wandb/vendor/gql-0.2.0/wandb_gql/client.py", line 60, in _get_result
    return self.transport.execute(document, *args, **kwargs)
  File "/home/user/.local/lib/python3.8/site-packages/wandb/sdk/lib/gql_request.py", line 55, in execute
    request = self.session.post(self.url, **post_args)
  File "/home/user/.local/lib/python3.8/site-packages/requests/sessions.py", line 637, in post
    return self.request("POST", url, data=data, json=json, **kwargs)
  File "/home/user/.local/lib/python3.8/site-packages/requests/sessions.py", line 589, in request
    resp = self.send(prep, **send_kwargs)
  File "/home/user/.local/lib/python3.8/site-packages/requests/sessions.py", line 703, in send
    r = adapter.send(request, **kwargs)
  File "/home/user/.local/lib/python3.8/site-packages/requests/adapters.py", line 519, in send
    raise ConnectionError(e, request=request)
requests.exceptions.ConnectionError: HTTPSConnectionPool(host='api.wandb.ai', port=443): Max retries exceeded with url: /graphql (Caused by NewConnectionError('<urllib3.connection.HTTPSConnection object at 0x7f20bbadd160>: Failed to establish a new connection: [Errno -3] Temporary failure in name resolution'))
2023-08-07 22:03:04,146 DEBUG   HandlerThread:2887 [handler.py:handle_request():144] handle_request: keepalive
2023-08-07 22:03:09,148 DEBUG   HandlerThread:2887 [handler.py:handle_request():144] handle_request: keepalive
2023-08-07 22:03:14,149 DEBUG   HandlerThread:2887 [handler.py:handle_request():144] handle_request: keepalive
2023-08-07 22:03:16,802 INFO    SenderThread:2887 [dir_watcher.py:__init__():219] watching files in: /home/user/Thesis/wandb/run-20230807_220259-9htwtrsq/files
2023-08-07 22:03:16,803 INFO    SenderThread:2887 [sender.py:_start_run_threads():1124] run started: 9htwtrsq with start time 1691434979.118309
2023-08-07 22:03:16,803 DEBUG   SenderThread:2887 [sender.py:send_request():402] send_request: summary_record
2023-08-07 22:03:16,803 DEBUG   HandlerThread:2887 [handler.py:handle_request():144] handle_request: status_report
2023-08-07 22:03:16,803 INFO    SenderThread:2887 [sender.py:_save_file():1378] saving file wandb-summary.json with policy end
2023-08-07 22:03:16,806 DEBUG   HandlerThread:2887 [handler.py:handle_request():144] handle_request: check_version
2023-08-07 22:03:16,806 DEBUG   SenderThread:2887 [sender.py:send_request():402] send_request: check_version
2023-08-07 22:03:17,181 DEBUG   HandlerThread:2887 [handler.py:handle_request():144] handle_request: run_start
2023-08-07 22:03:17,188 DEBUG   HandlerThread:2887 [system_info.py:__init__():31] System info init
2023-08-07 22:03:17,188 DEBUG   HandlerThread:2887 [system_info.py:__init__():46] System info init done
2023-08-07 22:03:17,188 INFO    HandlerThread:2887 [system_monitor.py:start():181] Starting system monitor
2023-08-07 22:03:17,189 INFO    SystemMonitor:2887 [system_monitor.py:_start():145] Starting system asset monitoring threads
2023-08-07 22:03:17,189 INFO    HandlerThread:2887 [system_monitor.py:probe():201] Collecting system info
2023-08-07 22:03:17,190 INFO    SystemMonitor:2887 [interfaces.py:start():190] Started cpu monitoring
2023-08-07 22:03:17,190 INFO    SystemMonitor:2887 [interfaces.py:start():190] Started disk monitoring
2023-08-07 22:03:17,191 INFO    SystemMonitor:2887 [interfaces.py:start():190] Started memory monitoring
2023-08-07 22:03:17,191 INFO    SystemMonitor:2887 [interfaces.py:start():190] Started network monitoring
2023-08-07 22:03:17,255 DEBUG   HandlerThread:2887 [system_info.py:probe():195] Probing system
2023-08-07 22:03:17,260 DEBUG   HandlerThread:2887 [system_info.py:_probe_git():180] Probing git
2023-08-07 22:03:17,271 DEBUG   HandlerThread:2887 [system_info.py:_probe_git():188] Probing git done
2023-08-07 22:03:17,272 DEBUG   HandlerThread:2887 [system_info.py:probe():240] Probing system done
2023-08-07 22:03:17,272 DEBUG   HandlerThread:2887 [system_monitor.py:probe():210] {'os': 'Linux-5.15.0-78-generic-x86_64-with-glibc2.29', 'python': '3.8.10', 'heartbeatAt': '2023-08-07T19:03:17.255292', 'startedAt': '2023-08-07T19:02:59.111674', 'docker': None, 'cuda': None, 'args': (), 'state': 'running', 'program': 'panda.py', 'codePath': 'panda.py', 'git': {'remote': 'git@github.com:cchristofi/FeedbackLearning.git', 'commit': '94be13b60d66a456b0b1b8b916d4588b68bf14b1'}, 'email': 'cc.christofi98@gmail.com', 'root': '/home/user/Thesis', 'host': 'G5-5587', 'username': 'user', 'executable': '/usr/bin/python3', 'cpu_count': 6, 'cpu_count_logical': 12, 'cpu_freq': {'current': 2645.9443333333334, 'min': 800.0, 'max': 4100.0}, 'cpu_freq_per_core': [{'current': 2200.0, 'min': 800.0, 'max': 4100.0}, {'current': 3946.534, 'min': 800.0, 'max': 4100.0}, {'current': 3900.152, 'min': 800.0, 'max': 4100.0}, {'current': 3900.0, 'min': 800.0, 'max': 4100.0}, {'current': 3899.999, 'min': 800.0, 'max': 4100.0}, {'current': 3900.076, 'min': 800.0, 'max': 4100.0}, {'current': 2200.0, 'min': 800.0, 'max': 4100.0}, {'current': 2200.0, 'min': 800.0, 'max': 4100.0}, {'current': 2200.0, 'min': 800.0, 'max': 4100.0}, {'current': 2200.0, 'min': 800.0, 'max': 4100.0}, {'current': 2200.0, 'min': 800.0, 'max': 4100.0}, {'current': 2200.0, 'min': 800.0, 'max': 4100.0}], 'disk': {'total': 467.8895797729492, 'used': 66.22325134277344}, 'memory': {'total': 15.321174621582031}}
2023-08-07 22:03:17,272 INFO    HandlerThread:2887 [system_monitor.py:probe():211] Finished collecting system info
2023-08-07 22:03:17,272 INFO    HandlerThread:2887 [system_monitor.py:probe():214] Publishing system info
2023-08-07 22:03:17,272 DEBUG   HandlerThread:2887 [system_info.py:_save_pip():51] Saving list of pip packages installed into the current environment
2023-08-07 22:03:17,272 DEBUG   HandlerThread:2887 [system_info.py:_save_pip():67] Saving pip packages done
2023-08-07 22:03:17,273 INFO    HandlerThread:2887 [system_monitor.py:probe():216] Finished publishing system info
2023-08-07 22:03:17,277 DEBUG   SenderThread:2887 [sender.py:send():375] send: files
2023-08-07 22:03:17,277 INFO    SenderThread:2887 [sender.py:_save_file():1378] saving file wandb-metadata.json with policy now
2023-08-07 22:03:17,281 DEBUG   HandlerThread:2887 [handler.py:handle_request():144] handle_request: stop_status
2023-08-07 22:03:17,281 DEBUG   SenderThread:2887 [sender.py:send_request():402] send_request: stop_status
2023-08-07 22:03:17,667 DEBUG   SenderThread:2887 [sender.py:send():375] send: telemetry
2023-08-07 22:03:17,806 INFO    Thread-12 :2887 [dir_watcher.py:_on_file_created():278] file/dir created: /home/user/Thesis/wandb/run-20230807_220259-9htwtrsq/files/wandb-metadata.json
2023-08-07 22:03:17,806 INFO    Thread-12 :2887 [dir_watcher.py:_on_file_created():278] file/dir created: /home/user/Thesis/wandb/run-20230807_220259-9htwtrsq/files/wandb-summary.json
2023-08-07 22:03:17,807 INFO    Thread-12 :2887 [dir_watcher.py:_on_file_created():278] file/dir created: /home/user/Thesis/wandb/run-20230807_220259-9htwtrsq/files/requirements.txt
2023-08-07 22:03:17,807 INFO    Thread-12 :2887 [dir_watcher.py:_on_file_created():278] file/dir created: /home/user/Thesis/wandb/run-20230807_220259-9htwtrsq/files/output.log
2023-08-07 22:03:18,129 INFO    wandb-upload_0:2887 [upload_job.py:push():137] Uploaded file /tmp/tmpp7yfwuvawandb/8vq15qcp-wandb-metadata.json
2023-08-07 22:03:19,803 INFO    Thread-12 :2887 [dir_watcher.py:_on_file_modified():295] file/dir modified: /home/user/Thesis/wandb/run-20230807_220259-9htwtrsq/files/output.log
2023-08-07 22:03:22,737 DEBUG   HandlerThread:2887 [handler.py:handle_request():144] handle_request: status_report
2023-08-07 22:03:25,805 INFO    Thread-12 :2887 [dir_watcher.py:_on_file_modified():295] file/dir modified: /home/user/Thesis/wandb/run-20230807_220259-9htwtrsq/files/output.log
2023-08-07 22:03:27,806 INFO    Thread-12 :2887 [dir_watcher.py:_on_file_modified():295] file/dir modified: /home/user/Thesis/wandb/run-20230807_220259-9htwtrsq/files/output.log
2023-08-07 22:03:28,586 DEBUG   HandlerThread:2887 [handler.py:handle_request():144] handle_request: status_report
2023-08-07 22:03:29,151 DEBUG   SenderThread:2887 [sender.py:send():375] send: exit
2023-08-07 22:03:29,151 INFO    SenderThread:2887 [sender.py:send_exit():598] handling exit code: 1
2023-08-07 22:03:29,151 INFO    SenderThread:2887 [sender.py:send_exit():600] handling runtime: 11
2023-08-07 22:03:29,152 INFO    SenderThread:2887 [sender.py:_save_file():1378] saving file wandb-summary.json with policy end
2023-08-07 22:03:29,152 INFO    SenderThread:2887 [sender.py:send_exit():606] send defer
2023-08-07 22:03:29,152 DEBUG   HandlerThread:2887 [handler.py:handle_request():144] handle_request: defer
2023-08-07 22:03:29,152 INFO    HandlerThread:2887 [handler.py:handle_request_defer():170] handle defer: 0
2023-08-07 22:03:29,152 DEBUG   SenderThread:2887 [sender.py:send_request():402] send_request: defer
2023-08-07 22:03:29,152 INFO    SenderThread:2887 [sender.py:send_request_defer():622] handle sender defer: 0
2023-08-07 22:03:29,152 INFO    SenderThread:2887 [sender.py:transition_state():626] send defer: 1
2023-08-07 22:03:29,153 DEBUG   HandlerThread:2887 [handler.py:handle_request():144] handle_request: defer
2023-08-07 22:03:29,153 INFO    HandlerThread:2887 [handler.py:handle_request_defer():170] handle defer: 1
2023-08-07 22:03:29,153 DEBUG   SenderThread:2887 [sender.py:send_request():402] send_request: defer
2023-08-07 22:03:29,153 INFO    SenderThread:2887 [sender.py:send_request_defer():622] handle sender defer: 1
2023-08-07 22:03:29,153 INFO    SenderThread:2887 [sender.py:transition_state():626] send defer: 2
2023-08-07 22:03:29,153 DEBUG   HandlerThread:2887 [handler.py:handle_request():144] handle_request: defer
2023-08-07 22:03:29,153 INFO    HandlerThread:2887 [handler.py:handle_request_defer():170] handle defer: 2
2023-08-07 22:03:29,153 INFO    HandlerThread:2887 [system_monitor.py:finish():190] Stopping system monitor
2023-08-07 22:03:29,153 DEBUG   SystemMonitor:2887 [system_monitor.py:_start():159] Starting system metrics aggregation loop
2023-08-07 22:03:29,153 DEBUG   SystemMonitor:2887 [system_monitor.py:_start():166] Finished system metrics aggregation loop
2023-08-07 22:03:29,154 DEBUG   SystemMonitor:2887 [system_monitor.py:_start():170] Publishing last batch of metrics
2023-08-07 22:03:29,154 INFO    HandlerThread:2887 [interfaces.py:finish():202] Joined cpu monitor
2023-08-07 22:03:29,154 INFO    HandlerThread:2887 [interfaces.py:finish():202] Joined disk monitor
2023-08-07 22:03:29,154 INFO    HandlerThread:2887 [interfaces.py:finish():202] Joined memory monitor
2023-08-07 22:03:29,154 INFO    HandlerThread:2887 [interfaces.py:finish():202] Joined network monitor
2023-08-07 22:03:29,155 DEBUG   SenderThread:2887 [sender.py:send_request():402] send_request: defer
2023-08-07 22:03:29,155 INFO    SenderThread:2887 [sender.py:send_request_defer():622] handle sender defer: 2
2023-08-07 22:03:29,155 INFO    SenderThread:2887 [sender.py:transition_state():626] send defer: 3
2023-08-07 22:03:29,155 DEBUG   SenderThread:2887 [sender.py:send():375] send: stats
2023-08-07 22:03:29,155 DEBUG   HandlerThread:2887 [handler.py:handle_request():144] handle_request: defer
2023-08-07 22:03:29,155 INFO    HandlerThread:2887 [handler.py:handle_request_defer():170] handle defer: 3
2023-08-07 22:03:29,155 DEBUG   SenderThread:2887 [sender.py:send_request():402] send_request: defer
2023-08-07 22:03:29,155 INFO    SenderThread:2887 [sender.py:send_request_defer():622] handle sender defer: 3
2023-08-07 22:03:29,155 INFO    SenderThread:2887 [sender.py:transition_state():626] send defer: 4
2023-08-07 22:03:29,156 DEBUG   HandlerThread:2887 [handler.py:handle_request():144] handle_request: defer
2023-08-07 22:03:29,156 INFO    HandlerThread:2887 [handler.py:handle_request_defer():170] handle defer: 4
2023-08-07 22:03:29,156 DEBUG   SenderThread:2887 [sender.py:send_request():402] send_request: defer
2023-08-07 22:03:29,156 INFO    SenderThread:2887 [sender.py:send_request_defer():622] handle sender defer: 4
2023-08-07 22:03:29,156 INFO    SenderThread:2887 [sender.py:transition_state():626] send defer: 5
2023-08-07 22:03:29,156 DEBUG   HandlerThread:2887 [handler.py:handle_request():144] handle_request: defer
2023-08-07 22:03:29,156 INFO    HandlerThread:2887 [handler.py:handle_request_defer():170] handle defer: 5
2023-08-07 22:03:29,156 DEBUG   SenderThread:2887 [sender.py:send():375] send: summary
2023-08-07 22:03:29,157 INFO    SenderThread:2887 [sender.py:_save_file():1378] saving file wandb-summary.json with policy end
2023-08-07 22:03:29,157 DEBUG   SenderThread:2887 [sender.py:send_request():402] send_request: defer
2023-08-07 22:03:29,157 INFO    SenderThread:2887 [sender.py:send_request_defer():622] handle sender defer: 5
2023-08-07 22:03:29,157 INFO    SenderThread:2887 [sender.py:transition_state():626] send defer: 6
2023-08-07 22:03:29,157 DEBUG   HandlerThread:2887 [handler.py:handle_request():144] handle_request: defer
2023-08-07 22:03:29,157 INFO    HandlerThread:2887 [handler.py:handle_request_defer():170] handle defer: 6
2023-08-07 22:03:29,157 DEBUG   SenderThread:2887 [sender.py:send_request():402] send_request: defer
2023-08-07 22:03:29,157 INFO    SenderThread:2887 [sender.py:send_request_defer():622] handle sender defer: 6
2023-08-07 22:03:29,160 DEBUG   HandlerThread:2887 [handler.py:handle_request():144] handle_request: status_report
2023-08-07 22:03:29,401 INFO    SenderThread:2887 [sender.py:transition_state():626] send defer: 7
2023-08-07 22:03:29,401 DEBUG   HandlerThread:2887 [handler.py:handle_request():144] handle_request: defer
2023-08-07 22:03:29,401 INFO    HandlerThread:2887 [handler.py:handle_request_defer():170] handle defer: 7
2023-08-07 22:03:29,401 DEBUG   SenderThread:2887 [sender.py:send_request():402] send_request: defer
2023-08-07 22:03:29,401 INFO    SenderThread:2887 [sender.py:send_request_defer():622] handle sender defer: 7
2023-08-07 22:03:29,752 INFO    SenderThread:2887 [sender.py:transition_state():626] send defer: 8
2023-08-07 22:03:29,752 DEBUG   HandlerThread:2887 [handler.py:handle_request():144] handle_request: defer
2023-08-07 22:03:29,752 INFO    HandlerThread:2887 [handler.py:handle_request_defer():170] handle defer: 8
2023-08-07 22:03:29,753 DEBUG   SenderThread:2887 [sender.py:send_request():402] send_request: defer
2023-08-07 22:03:29,753 INFO    SenderThread:2887 [sender.py:send_request_defer():622] handle sender defer: 8
2023-08-07 22:03:29,761 INFO    SenderThread:2887 [sender.py:transition_state():626] send defer: 9
2023-08-07 22:03:29,761 DEBUG   HandlerThread:2887 [handler.py:handle_request():144] handle_request: defer
2023-08-07 22:03:29,761 INFO    HandlerThread:2887 [handler.py:handle_request_defer():170] handle defer: 9
2023-08-07 22:03:29,762 DEBUG   SenderThread:2887 [sender.py:send():375] send: artifact
2023-08-07 22:03:29,806 INFO    Thread-12 :2887 [dir_watcher.py:_on_file_modified():295] file/dir modified: /home/user/Thesis/wandb/run-20230807_220259-9htwtrsq/files/config.yaml
2023-08-07 22:03:29,806 INFO    Thread-12 :2887 [dir_watcher.py:_on_file_modified():295] file/dir modified: /home/user/Thesis/wandb/run-20230807_220259-9htwtrsq/files/wandb-summary.json
2023-08-07 22:03:29,806 INFO    Thread-12 :2887 [dir_watcher.py:_on_file_modified():295] file/dir modified: /home/user/Thesis/wandb/run-20230807_220259-9htwtrsq/files/output.log
2023-08-07 22:03:30,151 DEBUG   HandlerThread:2887 [handler.py:handle_request():144] handle_request: poll_exit
2023-08-07 22:03:31,249 INFO    wandb-upload_1:2887 [upload_job.py:push():92] Skipped uploading /home/user/.local/share/wandb/artifacts/staging/tmpndl60e4y
2023-08-07 22:03:31,727 INFO    wandb-upload_0:2887 [upload_job.py:push():95] Uploaded file /home/user/.local/share/wandb/artifacts/staging/tmpwdyjzh67
2023-08-07 22:03:33,548 INFO    SenderThread:2887 [sender.py:send_artifact():1474] sent artifact job-git_github.com_cchristofi_FeedbackLearning.git_panda.py - {'id': 'QXJ0aWZhY3Q6NTM1NTI1ODE5', 'digest': 'fcdda8787b26f6ce4ff08ce36a7cb616', 'state': 'PENDING', 'aliases': [], 'artifactSequence': {'id': 'QXJ0aWZhY3RDb2xsZWN0aW9uOjc1MDY0Njc0', 'latestArtifact': {'id': 'QXJ0aWZhY3Q6NTM0MzgwMDky', 'versionIndex': 23}}, 'version': 'latest'}
2023-08-07 22:03:33,548 DEBUG   SenderThread:2887 [sender.py:send_request():402] send_request: defer
2023-08-07 22:03:33,549 INFO    SenderThread:2887 [sender.py:send_request_defer():622] handle sender defer: 9
2023-08-07 22:03:33,549 INFO    SenderThread:2887 [dir_watcher.py:finish():365] shutting down directory watcher
2023-08-07 22:03:33,807 INFO    SenderThread:2887 [dir_watcher.py:finish():395] scan: /home/user/Thesis/wandb/run-20230807_220259-9htwtrsq/files
2023-08-07 22:03:33,807 INFO    SenderThread:2887 [dir_watcher.py:finish():409] scan save: /home/user/Thesis/wandb/run-20230807_220259-9htwtrsq/files/config.yaml config.yaml
2023-08-07 22:03:33,808 INFO    SenderThread:2887 [dir_watcher.py:finish():409] scan save: /home/user/Thesis/wandb/run-20230807_220259-9htwtrsq/files/output.log output.log
2023-08-07 22:03:33,808 INFO    SenderThread:2887 [dir_watcher.py:finish():409] scan save: /home/user/Thesis/wandb/run-20230807_220259-9htwtrsq/files/wandb-summary.json wandb-summary.json
2023-08-07 22:03:33,808 INFO    SenderThread:2887 [dir_watcher.py:finish():409] scan save: /home/user/Thesis/wandb/run-20230807_220259-9htwtrsq/files/requirements.txt requirements.txt
2023-08-07 22:03:33,810 INFO    SenderThread:2887 [dir_watcher.py:finish():409] scan save: /home/user/Thesis/wandb/run-20230807_220259-9htwtrsq/files/wandb-metadata.json wandb-metadata.json
2023-08-07 22:03:33,810 INFO    SenderThread:2887 [sender.py:transition_state():626] send defer: 10
2023-08-07 22:03:33,810 DEBUG   SenderThread:2887 [sender.py:send_request():402] send_request: poll_exit
2023-08-07 22:03:33,812 DEBUG   HandlerThread:2887 [handler.py:handle_request():144] handle_request: defer
2023-08-07 22:03:33,812 INFO    HandlerThread:2887 [handler.py:handle_request_defer():170] handle defer: 10
2023-08-07 22:03:33,817 DEBUG   SenderThread:2887 [sender.py:send_request():402] send_request: defer
2023-08-07 22:03:33,817 INFO    SenderThread:2887 [sender.py:send_request_defer():622] handle sender defer: 10
2023-08-07 22:03:33,817 INFO    SenderThread:2887 [file_pusher.py:finish():168] shutting down file pusher
2023-08-07 22:03:34,285 INFO    wandb-upload_0:2887 [upload_job.py:push():137] Uploaded file /home/user/Thesis/wandb/run-20230807_220259-9htwtrsq/files/wandb-summary.json
2023-08-07 22:03:34,452 INFO    wandb-upload_1:2887 [upload_job.py:push():137] Uploaded file /home/user/Thesis/wandb/run-20230807_220259-9htwtrsq/files/config.yaml
2023-08-07 22:03:34,687 INFO    wandb-upload_3:2887 [upload_job.py:push():137] Uploaded file /home/user/Thesis/wandb/run-20230807_220259-9htwtrsq/files/requirements.txt
2023-08-07 22:03:34,687 INFO    wandb-upload_2:2887 [upload_job.py:push():137] Uploaded file /home/user/Thesis/wandb/run-20230807_220259-9htwtrsq/files/output.log
2023-08-07 22:03:34,888 INFO    Thread-11 :2887 [sender.py:transition_state():626] send defer: 11
2023-08-07 22:03:34,888 DEBUG   HandlerThread:2887 [handler.py:handle_request():144] handle_request: defer
2023-08-07 22:03:34,888 INFO    HandlerThread:2887 [handler.py:handle_request_defer():170] handle defer: 11
2023-08-07 22:03:34,888 DEBUG   SenderThread:2887 [sender.py:send_request():402] send_request: defer
2023-08-07 22:03:34,888 INFO    SenderThread:2887 [sender.py:send_request_defer():622] handle sender defer: 11
2023-08-07 22:03:34,888 INFO    SenderThread:2887 [file_pusher.py:join():173] waiting for file pusher
2023-08-07 22:03:34,889 INFO    SenderThread:2887 [sender.py:transition_state():626] send defer: 12
2023-08-07 22:03:34,889 DEBUG   HandlerThread:2887 [handler.py:handle_request():144] handle_request: defer
2023-08-07 22:03:34,889 INFO    HandlerThread:2887 [handler.py:handle_request_defer():170] handle defer: 12
2023-08-07 22:03:34,889 DEBUG   SenderThread:2887 [sender.py:send_request():402] send_request: defer
2023-08-07 22:03:34,889 INFO    SenderThread:2887 [sender.py:send_request_defer():622] handle sender defer: 12
2023-08-07 22:03:35,153 DEBUG   HandlerThread:2887 [handler.py:handle_request():144] handle_request: keepalive
2023-08-07 22:03:35,179 INFO    SenderThread:2887 [sender.py:transition_state():626] send defer: 13
2023-08-07 22:03:35,180 DEBUG   HandlerThread:2887 [handler.py:handle_request():144] handle_request: defer
2023-08-07 22:03:35,180 INFO    HandlerThread:2887 [handler.py:handle_request_defer():170] handle defer: 13
2023-08-07 22:03:35,180 DEBUG   SenderThread:2887 [sender.py:send_request():402] send_request: defer
2023-08-07 22:03:35,180 INFO    SenderThread:2887 [sender.py:send_request_defer():622] handle sender defer: 13
2023-08-07 22:03:35,180 INFO    SenderThread:2887 [sender.py:transition_state():626] send defer: 14
2023-08-07 22:03:35,180 DEBUG   HandlerThread:2887 [handler.py:handle_request():144] handle_request: defer
2023-08-07 22:03:35,180 INFO    HandlerThread:2887 [handler.py:handle_request_defer():170] handle defer: 14
2023-08-07 22:03:35,181 DEBUG   SenderThread:2887 [sender.py:send():375] send: final
2023-08-07 22:03:35,181 DEBUG   SenderThread:2887 [sender.py:send():375] send: footer
2023-08-07 22:03:35,181 DEBUG   SenderThread:2887 [sender.py:send_request():402] send_request: defer
2023-08-07 22:03:35,181 INFO    SenderThread:2887 [sender.py:send_request_defer():622] handle sender defer: 14
2023-08-07 22:03:35,181 DEBUG   HandlerThread:2887 [handler.py:handle_request():144] handle_request: poll_exit
2023-08-07 22:03:35,182 DEBUG   SenderThread:2887 [sender.py:send_request():402] send_request: poll_exit
2023-08-07 22:03:35,182 DEBUG   HandlerThread:2887 [handler.py:handle_request():144] handle_request: server_info
2023-08-07 22:03:35,182 DEBUG   HandlerThread:2887 [handler.py:handle_request():144] handle_request: get_summary
2023-08-07 22:03:35,182 DEBUG   SenderThread:2887 [sender.py:send_request():402] send_request: server_info
2023-08-07 22:03:35,185 DEBUG   HandlerThread:2887 [handler.py:handle_request():144] handle_request: sampled_history
2023-08-07 22:03:35,358 INFO    MainThread:2887 [wandb_run.py:_footer_history_summary_info():3476] rendering history
2023-08-07 22:03:35,358 INFO    MainThread:2887 [wandb_run.py:_footer_history_summary_info():3508] rendering summary
2023-08-07 22:03:35,358 INFO    MainThread:2887 [wandb_run.py:_footer_sync_info():3434] logging synced files
2023-08-07 22:03:35,358 DEBUG   HandlerThread:2887 [handler.py:handle_request():144] handle_request: shutdown
2023-08-07 22:03:35,359 INFO    HandlerThread:2887 [handler.py:finish():845] shutting down handler
2023-08-07 22:03:36,182 INFO    WriterThread:2887 [datastore.py:close():298] close: /home/user/Thesis/wandb/run-20230807_220259-9htwtrsq/run-9htwtrsq.wandb
2023-08-07 22:03:36,358 INFO    SenderThread:2887 [sender.py:finish():1550] shutting down sender
2023-08-07 22:03:36,358 INFO    SenderThread:2887 [file_pusher.py:finish():168] shutting down file pusher
2023-08-07 22:03:36,358 INFO    SenderThread:2887 [file_pusher.py:join():173] waiting for file pusher
